<?xml version="1.0" encoding="UTF-8" ?>
<testsuite tests="1" failures="1" name="org.testDemo.Test.DemoTest" time="45.844" errors="0" skipped="0">
  <properties>
    <property name="java.runtime.name" value="Java(TM) SE Runtime Environment"/>
    <property name="sun.boot.library.path" value="/usr/lib/jvm/java-8-oracle/jre/lib/amd64"/>
    <property name="java.vm.version" value="25.131-b11"/>
    <property name="java.vm.vendor" value="Oracle Corporation"/>
    <property name="java.vendor.url" value="http://java.oracle.com/"/>
    <property name="path.separator" value=":"/>
    <property name="java.vm.name" value="Java HotSpot(TM) 64-Bit Server VM"/>
    <property name="file.encoding.pkg" value="sun.io"/>
    <property name="user.country" value="US"/>
    <property name="sun.java.launcher" value="SUN_STANDARD"/>
    <property name="sun.os.patch.level" value="unknown"/>
    <property name="java.vm.specification.name" value="Java Virtual Machine Specification"/>
    <property name="user.dir" value="/home/pace/Music/SeleniumFramework/Test"/>
    <property name="java.runtime.version" value="1.8.0_131-b11"/>
    <property name="java.awt.graphicsenv" value="sun.awt.X11GraphicsEnvironment"/>
    <property name="java.endorsed.dirs" value="/usr/lib/jvm/java-8-oracle/jre/lib/endorsed"/>
    <property name="os.arch" value="amd64"/>
    <property name="java.io.tmpdir" value="/tmp"/>
    <property name="line.separator" value="
"/>
    <property name="java.vm.specification.vendor" value="Oracle Corporation"/>
    <property name="os.name" value="Linux"/>
    <property name="classworlds.conf" value="/usr/share/maven2/bin/m2.conf"/>
    <property name="sun.jnu.encoding" value="UTF-8"/>
    <property name="java.library.path" value="/usr/java/packages/lib/amd64:/usr/lib64:/lib64:/lib:/usr/lib"/>
    <property name="java.specification.name" value="Java Platform API Specification"/>
    <property name="java.class.version" value="52.0"/>
    <property name="sun.management.compiler" value="HotSpot 64-Bit Tiered Compilers"/>
    <property name="os.version" value="3.13.0-119-generic"/>
    <property name="user.home" value="/home/pace"/>
    <property name="user.timezone" value="Asia/Kolkata"/>
    <property name="java.awt.printerjob" value="sun.print.PSPrinterJob"/>
    <property name="file.encoding" value="UTF-8"/>
    <property name="java.specification.version" value="1.8"/>
    <property name="user.name" value="pace"/>
    <property name="java.class.path" value="/usr/share/maven2/boot/classworlds.jar"/>
    <property name="java.vm.specification.version" value="1.8"/>
    <property name="sun.arch.data.model" value="64"/>
    <property name="java.home" value="/usr/lib/jvm/java-8-oracle/jre"/>
    <property name="sun.java.command" value="org.codehaus.classworlds.Launcher &quot;test&quot;"/>
    <property name="java.specification.vendor" value="Oracle Corporation"/>
    <property name="user.language" value="en"/>
    <property name="awt.toolkit" value="sun.awt.X11.XToolkit"/>
    <property name="java.vm.info" value="mixed mode"/>
    <property name="java.version" value="1.8.0_131"/>
    <property name="java.ext.dirs" value="/usr/lib/jvm/java-8-oracle/jre/lib/ext:/usr/java/packages/lib/ext"/>
    <property name="securerandom.source" value="file:/dev/./urandom"/>
    <property name="sun.boot.class.path" value="/usr/lib/jvm/java-8-oracle/jre/lib/resources.jar:/usr/lib/jvm/java-8-oracle/jre/lib/rt.jar:/usr/lib/jvm/java-8-oracle/jre/lib/sunrsasign.jar:/usr/lib/jvm/java-8-oracle/jre/lib/jsse.jar:/usr/lib/jvm/java-8-oracle/jre/lib/jce.jar:/usr/lib/jvm/java-8-oracle/jre/lib/charsets.jar:/usr/lib/jvm/java-8-oracle/jre/lib/jfr.jar:/usr/lib/jvm/java-8-oracle/jre/classes"/>
    <property name="java.vendor" value="Oracle Corporation"/>
    <property name="maven.home" value="/usr/share/maven2"/>
    <property name="file.separator" value="/"/>
    <property name="java.vendor.url.bug" value="http://bugreport.sun.com/bugreport/"/>
    <property name="sun.cpu.endian" value="little"/>
    <property name="sun.io.unicode.encoding" value="UnicodeLittle"/>
    <property name="sun.desktop" value="gnome"/>
    <property name="sun.cpu.isalist" value=""/>
  </properties>
  <testcase classname="org.testDemo.Test.DemoTest" name="test" time="45.581">
    <failure message="Failed to connect to binary FirefoxBinary(/usr/bin/firefox) on port 7055; process output follows: 
&quot;,&quot;homepageURL&quot;:null},{&quot;locales&quot;:[&quot;ro&quot;],&quot;name&quot;:&quot;Ubuntu Modifications&quot;,&quot;description&quot;:&quot;Pachetul Ubuntu Firefox.&quot;,&quot;creator&quot;:&quot;Canonical Ltd.&quot;,&quot;homepageURL&quot;:null},{&quot;locales&quot;:[&quot;ru&quot;],&quot;name&quot;:&quot;Ubuntu Modifications&quot;,&quot;description&quot;:&quot;Расширения Firefox для Ubuntu&quot;,&quot;creator&quot;:&quot;Canonical Ltd.&quot;,&quot;homepageURL&quot;:null},{&quot;locales&quot;:[&quot;sl&quot;],&quot;name&quot;:&quot;Ubuntu Modifications&quot;,&quot;description&quot;:&quot;Ubuntu razširitve za Firefox.&quot;,&quot;creator&quot;:&quot;Canonical Ltd.&quot;,&quot;homepageURL&quot;:null},{&quot;locales&quot;:[&quot;sv-SE&quot;],&quot;name&quot;:&quot;Ubuntu Modifications&quot;,&quot;description&quot;:&quot;Ubuntu-paket för Firefox.&quot;,&quot;creator&quot;:&quot;Canonical Ltd.&quot;,&quot;homepageURL&quot;:null},{&quot;locales&quot;:[&quot;uk&quot;],&quot;name&quot;:&quot;Ubuntu Modifications&quot;,&quot;description&quot;:&quot;Убунтівські доповнення до Firefox.&quot;,&quot;creator&quot;:&quot;Canonical Ltd.&quot;,&quot;homepageURL&quot;:null},{&quot;locales&quot;:[&quot;zh-CN&quot;],&quot;name&quot;:&quot;Ubuntu Modifications&quot;,&quot;description&quot;:&quot;Ubuntu 火狐扩展包.&quot;,&quot;creator&quot;:&quot;Canonical Ltd.&quot;,&quot;homepageURL&quot;:null},{&quot;locales&quot;:[&quot;zh-TW&quot;],&quot;name&quot;:&quot;Ubuntu Modifications&quot;,&quot;description&quot;:&quot;Ubuntu Firefox 擴充包。&quot;,&quot;creator&quot;:&quot;Canonical Ltd.&quot;,&quot;homepageURL&quot;:null}],&quot;targetApplications&quot;:[{&quot;id&quot;:&quot;{ec8030f7-c20a-464f-9b0e-13a3a9e97384}&quot;,&quot;minVersion&quot;:&quot;9.0&quot;,&quot;maxVersion&quot;:&quot;37.0a1&quot;}],&quot;targetPlatforms&quot;:[],&quot;multiprocessCompatible&quot;:false,&quot;signedState&quot;:2,&quot;seen&quot;:true}
1496129956403	DeferredSave.extensions.json	DEBUG	Save changes
1496129956403	addons.xpi	DEBUG	Updating database with changes to installed add-ons
1496129956403	addons.xpi-utils	DEBUG	Updating add-on states
1496129956403	addons.xpi-utils	DEBUG	Writing add-ons list
1496129956404	addons.xpi	DEBUG	Registering manifest for /opt/firefox47/browser/features/e10srollout@mozilla.org.xpi
1496129956404	addons.xpi	DEBUG	Calling bootstrap method startup on e10srollout@mozilla.org version 1.0
1496129956404	addons.xpi	DEBUG	Registering manifest for /opt/firefox47/browser/features/loop@mozilla.org.xpi
1496129956405	addons.xpi	DEBUG	Calling bootstrap method startup on loop@mozilla.org version 1.3.2
1496129956416	addons.xpi	DEBUG	Registering manifest for /opt/firefox47/browser/features/firefox@getpocket.com.xpi
1496129956416	addons.xpi	DEBUG	Calling bootstrap method startup on firefox@getpocket.com version 1.0.2
1496129956418	addons.manager	DEBUG	Registering shutdown blocker for XPIProvider
1496129956418	addons.manager	DEBUG	Provider finished startup: XPIProvider
1496129956418	addons.manager	DEBUG	Starting provider: LightweightThemeManager
1496129956418	addons.manager	DEBUG	Registering shutdown blocker for LightweightThemeManager
1496129956418	addons.manager	DEBUG	Provider finished startup: LightweightThemeManager
1496129956419	addons.manager	DEBUG	Starting provider: GMPProvider
1496129956422	addons.manager	DEBUG	Registering shutdown blocker for GMPProvider
1496129956422	addons.manager	DEBUG	Provider finished startup: GMPProvider
1496129956422	addons.manager	DEBUG	Starting provider: PluginProvider
1496129956423	addons.manager	DEBUG	Registering shutdown blocker for PluginProvider
1496129956423	addons.manager	DEBUG	Provider finished startup: PluginProvider
1496129956423	addons.manager	DEBUG	Completed startup sequence
1496129957720	addons.manager	DEBUG	Starting provider: &lt;unnamed-provider&gt;
1496129957720	addons.manager	DEBUG	Registering shutdown blocker for &lt;unnamed-provider&gt;
1496129957721	addons.manager	DEBUG	Provider finished startup: &lt;unnamed-provider&gt;
1496129957722	DeferredSave.extensions.json	DEBUG	Starting write
1496129957807	addons.repository	DEBUG	No addons.json found.
1496129957807	DeferredSave.addons.json	DEBUG	Save changes
1496129957809	DeferredSave.addons.json	DEBUG	Starting timer
1496129957822	addons.manager	DEBUG	Starting provider: PreviousExperimentProvider
1496129957822	addons.manager	DEBUG	Registering shutdown blocker for PreviousExperimentProvider
1496129957822	addons.manager	DEBUG	Provider finished startup: PreviousExperimentProvider
1496129957824	DeferredSave.extensions.json	DEBUG	Write succeeded
1496129957824	addons.xpi-utils	DEBUG	XPI Database saved, setting schema version preference to 17
1496129957976	DeferredSave.addons.json	DEBUG	Starting write
1496129957982	DeferredSave.addons.json	DEBUG	Write succeeded

Build info: version: &apos;2.53.0&apos;, revision: &apos;35ae25b1534ae328c771e0856c93e187490ca824&apos;, time: &apos;2016-03-15 10:43:46&apos;
System info: host: &apos;pace-OptiPlex-360&apos;, ip: &apos;127.0.1.1&apos;, os.name: &apos;Linux&apos;, os.arch: &apos;amd64&apos;, os.version: &apos;3.13.0-119-generic&apos;, java.version: &apos;1.8.0_131&apos;
Driver info: driver.version: FirefoxDriver" type="org.openqa.selenium.WebDriverException">org.openqa.selenium.WebDriverException: Failed to connect to binary FirefoxBinary(/usr/bin/firefox) on port 7055; process output follows: 
&quot;,&quot;homepageURL&quot;:null},{&quot;locales&quot;:[&quot;ro&quot;],&quot;name&quot;:&quot;Ubuntu Modifications&quot;,&quot;description&quot;:&quot;Pachetul Ubuntu Firefox.&quot;,&quot;creator&quot;:&quot;Canonical Ltd.&quot;,&quot;homepageURL&quot;:null},{&quot;locales&quot;:[&quot;ru&quot;],&quot;name&quot;:&quot;Ubuntu Modifications&quot;,&quot;description&quot;:&quot;Расширения Firefox для Ubuntu&quot;,&quot;creator&quot;:&quot;Canonical Ltd.&quot;,&quot;homepageURL&quot;:null},{&quot;locales&quot;:[&quot;sl&quot;],&quot;name&quot;:&quot;Ubuntu Modifications&quot;,&quot;description&quot;:&quot;Ubuntu razširitve za Firefox.&quot;,&quot;creator&quot;:&quot;Canonical Ltd.&quot;,&quot;homepageURL&quot;:null},{&quot;locales&quot;:[&quot;sv-SE&quot;],&quot;name&quot;:&quot;Ubuntu Modifications&quot;,&quot;description&quot;:&quot;Ubuntu-paket för Firefox.&quot;,&quot;creator&quot;:&quot;Canonical Ltd.&quot;,&quot;homepageURL&quot;:null},{&quot;locales&quot;:[&quot;uk&quot;],&quot;name&quot;:&quot;Ubuntu Modifications&quot;,&quot;description&quot;:&quot;Убунтівські доповнення до Firefox.&quot;,&quot;creator&quot;:&quot;Canonical Ltd.&quot;,&quot;homepageURL&quot;:null},{&quot;locales&quot;:[&quot;zh-CN&quot;],&quot;name&quot;:&quot;Ubuntu Modifications&quot;,&quot;description&quot;:&quot;Ubuntu 火狐扩展包.&quot;,&quot;creator&quot;:&quot;Canonical Ltd.&quot;,&quot;homepageURL&quot;:null},{&quot;locales&quot;:[&quot;zh-TW&quot;],&quot;name&quot;:&quot;Ubuntu Modifications&quot;,&quot;description&quot;:&quot;Ubuntu Firefox 擴充包。&quot;,&quot;creator&quot;:&quot;Canonical Ltd.&quot;,&quot;homepageURL&quot;:null}],&quot;targetApplications&quot;:[{&quot;id&quot;:&quot;{ec8030f7-c20a-464f-9b0e-13a3a9e97384}&quot;,&quot;minVersion&quot;:&quot;9.0&quot;,&quot;maxVersion&quot;:&quot;37.0a1&quot;}],&quot;targetPlatforms&quot;:[],&quot;multiprocessCompatible&quot;:false,&quot;signedState&quot;:2,&quot;seen&quot;:true}
1496129956403	DeferredSave.extensions.json	DEBUG	Save changes
1496129956403	addons.xpi	DEBUG	Updating database with changes to installed add-ons
1496129956403	addons.xpi-utils	DEBUG	Updating add-on states
1496129956403	addons.xpi-utils	DEBUG	Writing add-ons list
1496129956404	addons.xpi	DEBUG	Registering manifest for /opt/firefox47/browser/features/e10srollout@mozilla.org.xpi
1496129956404	addons.xpi	DEBUG	Calling bootstrap method startup on e10srollout@mozilla.org version 1.0
1496129956404	addons.xpi	DEBUG	Registering manifest for /opt/firefox47/browser/features/loop@mozilla.org.xpi
1496129956405	addons.xpi	DEBUG	Calling bootstrap method startup on loop@mozilla.org version 1.3.2
1496129956416	addons.xpi	DEBUG	Registering manifest for /opt/firefox47/browser/features/firefox@getpocket.com.xpi
1496129956416	addons.xpi	DEBUG	Calling bootstrap method startup on firefox@getpocket.com version 1.0.2
1496129956418	addons.manager	DEBUG	Registering shutdown blocker for XPIProvider
1496129956418	addons.manager	DEBUG	Provider finished startup: XPIProvider
1496129956418	addons.manager	DEBUG	Starting provider: LightweightThemeManager
1496129956418	addons.manager	DEBUG	Registering shutdown blocker for LightweightThemeManager
1496129956418	addons.manager	DEBUG	Provider finished startup: LightweightThemeManager
1496129956419	addons.manager	DEBUG	Starting provider: GMPProvider
1496129956422	addons.manager	DEBUG	Registering shutdown blocker for GMPProvider
1496129956422	addons.manager	DEBUG	Provider finished startup: GMPProvider
1496129956422	addons.manager	DEBUG	Starting provider: PluginProvider
1496129956423	addons.manager	DEBUG	Registering shutdown blocker for PluginProvider
1496129956423	addons.manager	DEBUG	Provider finished startup: PluginProvider
1496129956423	addons.manager	DEBUG	Completed startup sequence
1496129957720	addons.manager	DEBUG	Starting provider: &lt;unnamed-provider&gt;
1496129957720	addons.manager	DEBUG	Registering shutdown blocker for &lt;unnamed-provider&gt;
1496129957721	addons.manager	DEBUG	Provider finished startup: &lt;unnamed-provider&gt;
1496129957722	DeferredSave.extensions.json	DEBUG	Starting write
1496129957807	addons.repository	DEBUG	No addons.json found.
1496129957807	DeferredSave.addons.json	DEBUG	Save changes
1496129957809	DeferredSave.addons.json	DEBUG	Starting timer
1496129957822	addons.manager	DEBUG	Starting provider: PreviousExperimentProvider
1496129957822	addons.manager	DEBUG	Registering shutdown blocker for PreviousExperimentProvider
1496129957822	addons.manager	DEBUG	Provider finished startup: PreviousExperimentProvider
1496129957824	DeferredSave.extensions.json	DEBUG	Write succeeded
1496129957824	addons.xpi-utils	DEBUG	XPI Database saved, setting schema version preference to 17
1496129957976	DeferredSave.addons.json	DEBUG	Starting write
1496129957982	DeferredSave.addons.json	DEBUG	Write succeeded
Build info: version: &apos;2.53.0&apos;, revision: &apos;35ae25b1534ae328c771e0856c93e187490ca824&apos;, time: &apos;2016-03-15 10:43:46&apos;
System info: host: &apos;pace-OptiPlex-360&apos;, ip: &apos;127.0.1.1&apos;, os.name: &apos;Linux&apos;, os.arch: &apos;amd64&apos;, os.version: &apos;3.13.0-119-generic&apos;, java.version: &apos;1.8.0_131&apos;
Driver info: driver.version: FirefoxDriver
	at org.openqa.selenium.firefox.internal.NewProfileExtensionConnection.start(NewProfileExtensionConnection.java:125)
	at org.openqa.selenium.firefox.FirefoxDriver.startClient(FirefoxDriver.java:271)
	at org.openqa.selenium.remote.RemoteWebDriver.&lt;init&gt;(RemoteWebDriver.java:119)
	at org.openqa.selenium.firefox.FirefoxDriver.&lt;init&gt;(FirefoxDriver.java:216)
	at org.openqa.selenium.firefox.FirefoxDriver.&lt;init&gt;(FirefoxDriver.java:211)
	at org.openqa.selenium.firefox.FirefoxDriver.&lt;init&gt;(FirefoxDriver.java:207)
	at org.openqa.selenium.firefox.FirefoxDriver.&lt;init&gt;(FirefoxDriver.java:120)
	at org.testDemo.Test.DemoTest.test(DemoTest.java:15)
Caused by: org.openqa.selenium.firefox.NotConnectedException: Unable to connect to host 127.0.0.1 on port 7055 after 45000 ms. Firefox console output:
&quot;,&quot;homepageURL&quot;:null},{&quot;locales&quot;:[&quot;ro&quot;],&quot;name&quot;:&quot;Ubuntu Modifications&quot;,&quot;description&quot;:&quot;Pachetul Ubuntu Firefox.&quot;,&quot;creator&quot;:&quot;Canonical Ltd.&quot;,&quot;homepageURL&quot;:null},{&quot;locales&quot;:[&quot;ru&quot;],&quot;name&quot;:&quot;Ubuntu Modifications&quot;,&quot;description&quot;:&quot;Расширения Firefox для Ubuntu&quot;,&quot;creator&quot;:&quot;Canonical Ltd.&quot;,&quot;homepageURL&quot;:null},{&quot;locales&quot;:[&quot;sl&quot;],&quot;name&quot;:&quot;Ubuntu Modifications&quot;,&quot;description&quot;:&quot;Ubuntu razširitve za Firefox.&quot;,&quot;creator&quot;:&quot;Canonical Ltd.&quot;,&quot;homepageURL&quot;:null},{&quot;locales&quot;:[&quot;sv-SE&quot;],&quot;name&quot;:&quot;Ubuntu Modifications&quot;,&quot;description&quot;:&quot;Ubuntu-paket för Firefox.&quot;,&quot;creator&quot;:&quot;Canonical Ltd.&quot;,&quot;homepageURL&quot;:null},{&quot;locales&quot;:[&quot;uk&quot;],&quot;name&quot;:&quot;Ubuntu Modifications&quot;,&quot;description&quot;:&quot;Убунтівські доповнення до Firefox.&quot;,&quot;creator&quot;:&quot;Canonical Ltd.&quot;,&quot;homepageURL&quot;:null},{&quot;locales&quot;:[&quot;zh-CN&quot;],&quot;name&quot;:&quot;Ubuntu Modifications&quot;,&quot;description&quot;:&quot;Ubuntu 火狐扩展包.&quot;,&quot;creator&quot;:&quot;Canonical Ltd.&quot;,&quot;homepageURL&quot;:null},{&quot;locales&quot;:[&quot;zh-TW&quot;],&quot;name&quot;:&quot;Ubuntu Modifications&quot;,&quot;description&quot;:&quot;Ubuntu Firefox 擴充包。&quot;,&quot;creator&quot;:&quot;Canonical Ltd.&quot;,&quot;homepageURL&quot;:null}],&quot;targetApplications&quot;:[{&quot;id&quot;:&quot;{ec8030f7-c20a-464f-9b0e-13a3a9e97384}&quot;,&quot;minVersion&quot;:&quot;9.0&quot;,&quot;maxVersion&quot;:&quot;37.0a1&quot;}],&quot;targetPlatforms&quot;:[],&quot;multiprocessCompatible&quot;:false,&quot;signedState&quot;:2,&quot;seen&quot;:true}
1496129956403	DeferredSave.extensions.json	DEBUG	Save changes
1496129956403	addons.xpi	DEBUG	Updating database with changes to installed add-ons
1496129956403	addons.xpi-utils	DEBUG	Updating add-on states
1496129956403	addons.xpi-utils	DEBUG	Writing add-ons list
1496129956404	addons.xpi	DEBUG	Registering manifest for /opt/firefox47/browser/features/e10srollout@mozilla.org.xpi
1496129956404	addons.xpi	DEBUG	Calling bootstrap method startup on e10srollout@mozilla.org version 1.0
1496129956404	addons.xpi	DEBUG	Registering manifest for /opt/firefox47/browser/features/loop@mozilla.org.xpi
1496129956405	addons.xpi	DEBUG	Calling bootstrap method startup on loop@mozilla.org version 1.3.2
1496129956416	addons.xpi	DEBUG	Registering manifest for /opt/firefox47/browser/features/firefox@getpocket.com.xpi
1496129956416	addons.xpi	DEBUG	Calling bootstrap method startup on firefox@getpocket.com version 1.0.2
1496129956418	addons.manager	DEBUG	Registering shutdown blocker for XPIProvider
1496129956418	addons.manager	DEBUG	Provider finished startup: XPIProvider
1496129956418	addons.manager	DEBUG	Starting provider: LightweightThemeManager
1496129956418	addons.manager	DEBUG	Registering shutdown blocker for LightweightThemeManager
1496129956418	addons.manager	DEBUG	Provider finished startup: LightweightThemeManager
1496129956419	addons.manager	DEBUG	Starting provider: GMPProvider
1496129956422	addons.manager	DEBUG	Registering shutdown blocker for GMPProvider
1496129956422	addons.manager	DEBUG	Provider finished startup: GMPProvider
1496129956422	addons.manager	DEBUG	Starting provider: PluginProvider
1496129956423	addons.manager	DEBUG	Registering shutdown blocker for PluginProvider
1496129956423	addons.manager	DEBUG	Provider finished startup: PluginProvider
1496129956423	addons.manager	DEBUG	Completed startup sequence
1496129957720	addons.manager	DEBUG	Starting provider: &lt;unnamed-provider&gt;
1496129957720	addons.manager	DEBUG	Registering shutdown blocker for &lt;unnamed-provider&gt;
1496129957721	addons.manager	DEBUG	Provider finished startup: &lt;unnamed-provider&gt;
1496129957722	DeferredSave.extensions.json	DEBUG	Starting write
1496129957807	addons.repository	DEBUG	No addons.json found.
1496129957807	DeferredSave.addons.json	DEBUG	Save changes
1496129957809	DeferredSave.addons.json	DEBUG	Starting timer
1496129957822	addons.manager	DEBUG	Starting provider: PreviousExperimentProvider
1496129957822	addons.manager	DEBUG	Registering shutdown blocker for PreviousExperimentProvider
1496129957822	addons.manager	DEBUG	Provider finished startup: PreviousExperimentProvider
1496129957824	DeferredSave.extensions.json	DEBUG	Write succeeded
1496129957824	addons.xpi-utils	DEBUG	XPI Database saved, setting schema version preference to 17
1496129957976	DeferredSave.addons.json	DEBUG	Starting write
1496129957982	DeferredSave.addons.json	DEBUG	Write succeeded
	at org.openqa.selenium.firefox.internal.NewProfileExtensionConnection.start(NewProfileExtensionConnection.java:113)
	... 40 more
</failure>
    <system-out>Hello World
</system-out>
    <system-err>org.openqa.selenium.firefox.NotConnectedException: Unable to connect to host 127.0.0.1 on port 7055 after 45000 ms. Firefox console output:
&quot;,&quot;homepageURL&quot;:null},{&quot;locales&quot;:[&quot;ro&quot;],&quot;name&quot;:&quot;Ubuntu Modifications&quot;,&quot;description&quot;:&quot;Pachetul Ubuntu Firefox.&quot;,&quot;creator&quot;:&quot;Canonical Ltd.&quot;,&quot;homepageURL&quot;:null},{&quot;locales&quot;:[&quot;ru&quot;],&quot;name&quot;:&quot;Ubuntu Modifications&quot;,&quot;description&quot;:&quot;Расширения Firefox для Ubuntu&quot;,&quot;creator&quot;:&quot;Canonical Ltd.&quot;,&quot;homepageURL&quot;:null},{&quot;locales&quot;:[&quot;sl&quot;],&quot;name&quot;:&quot;Ubuntu Modifications&quot;,&quot;description&quot;:&quot;Ubuntu razširitve za Firefox.&quot;,&quot;creator&quot;:&quot;Canonical Ltd.&quot;,&quot;homepageURL&quot;:null},{&quot;locales&quot;:[&quot;sv-SE&quot;],&quot;name&quot;:&quot;Ubuntu Modifications&quot;,&quot;description&quot;:&quot;Ubuntu-paket för Firefox.&quot;,&quot;creator&quot;:&quot;Canonical Ltd.&quot;,&quot;homepageURL&quot;:null},{&quot;locales&quot;:[&quot;uk&quot;],&quot;name&quot;:&quot;Ubuntu Modifications&quot;,&quot;description&quot;:&quot;Убунтівські доповнення до Firefox.&quot;,&quot;creator&quot;:&quot;Canonical Ltd.&quot;,&quot;homepageURL&quot;:null},{&quot;locales&quot;:[&quot;zh-CN&quot;],&quot;name&quot;:&quot;Ubuntu Modifications&quot;,&quot;description&quot;:&quot;Ubuntu 火狐扩展包.&quot;,&quot;creator&quot;:&quot;Canonical Ltd.&quot;,&quot;homepageURL&quot;:null},{&quot;locales&quot;:[&quot;zh-TW&quot;],&quot;name&quot;:&quot;Ubuntu Modifications&quot;,&quot;description&quot;:&quot;Ubuntu Firefox 擴充包。&quot;,&quot;creator&quot;:&quot;Canonical Ltd.&quot;,&quot;homepageURL&quot;:null}],&quot;targetApplications&quot;:[{&quot;id&quot;:&quot;{ec8030f7-c20a-464f-9b0e-13a3a9e97384}&quot;,&quot;minVersion&quot;:&quot;9.0&quot;,&quot;maxVersion&quot;:&quot;37.0a1&quot;}],&quot;targetPlatforms&quot;:[],&quot;multiprocessCompatible&quot;:false,&quot;signedState&quot;:2,&quot;seen&quot;:true}
1496129956403	DeferredSave.extensions.json	DEBUG	Save changes
1496129956403	addons.xpi	DEBUG	Updating database with changes to installed add-ons
1496129956403	addons.xpi-utils	DEBUG	Updating add-on states
1496129956403	addons.xpi-utils	DEBUG	Writing add-ons list
1496129956404	addons.xpi	DEBUG	Registering manifest for /opt/firefox47/browser/features/e10srollout@mozilla.org.xpi
1496129956404	addons.xpi	DEBUG	Calling bootstrap method startup on e10srollout@mozilla.org version 1.0
1496129956404	addons.xpi	DEBUG	Registering manifest for /opt/firefox47/browser/features/loop@mozilla.org.xpi
1496129956405	addons.xpi	DEBUG	Calling bootstrap method startup on loop@mozilla.org version 1.3.2
1496129956416	addons.xpi	DEBUG	Registering manifest for /opt/firefox47/browser/features/firefox@getpocket.com.xpi
1496129956416	addons.xpi	DEBUG	Calling bootstrap method startup on firefox@getpocket.com version 1.0.2
1496129956418	addons.manager	DEBUG	Registering shutdown blocker for XPIProvider
1496129956418	addons.manager	DEBUG	Provider finished startup: XPIProvider
1496129956418	addons.manager	DEBUG	Starting provider: LightweightThemeManager
1496129956418	addons.manager	DEBUG	Registering shutdown blocker for LightweightThemeManager
1496129956418	addons.manager	DEBUG	Provider finished startup: LightweightThemeManager
1496129956419	addons.manager	DEBUG	Starting provider: GMPProvider
1496129956422	addons.manager	DEBUG	Registering shutdown blocker for GMPProvider
1496129956422	addons.manager	DEBUG	Provider finished startup: GMPProvider
1496129956422	addons.manager	DEBUG	Starting provider: PluginProvider
1496129956423	addons.manager	DEBUG	Registering shutdown blocker for PluginProvider
1496129956423	addons.manager	DEBUG	Provider finished startup: PluginProvider
1496129956423	addons.manager	DEBUG	Completed startup sequence
1496129957720	addons.manager	DEBUG	Starting provider: &lt;unnamed-provider&gt;
1496129957720	addons.manager	DEBUG	Registering shutdown blocker for &lt;unnamed-provider&gt;
1496129957721	addons.manager	DEBUG	Provider finished startup: &lt;unnamed-provider&gt;
1496129957722	DeferredSave.extensions.json	DEBUG	Starting write
1496129957807	addons.repository	DEBUG	No addons.json found.
1496129957807	DeferredSave.addons.json	DEBUG	Save changes
1496129957809	DeferredSave.addons.json	DEBUG	Starting timer
1496129957822	addons.manager	DEBUG	Starting provider: PreviousExperimentProvider
1496129957822	addons.manager	DEBUG	Registering shutdown blocker for PreviousExperimentProvider
1496129957822	addons.manager	DEBUG	Provider finished startup: PreviousExperimentProvider
1496129957824	DeferredSave.extensions.json	DEBUG	Write succeeded
1496129957824	addons.xpi-utils	DEBUG	XPI Database saved, setting schema version preference to 17
1496129957976	DeferredSave.addons.json	DEBUG	Starting write
1496129957982	DeferredSave.addons.json	DEBUG	Write succeeded

	at org.openqa.selenium.firefox.internal.NewProfileExtensionConnection.start(NewProfileExtensionConnection.java:113)
	at org.openqa.selenium.firefox.FirefoxDriver.startClient(FirefoxDriver.java:271)
	at org.openqa.selenium.remote.RemoteWebDriver.&lt;init&gt;(RemoteWebDriver.java:119)
	at org.openqa.selenium.firefox.FirefoxDriver.&lt;init&gt;(FirefoxDriver.java:216)
	at org.openqa.selenium.firefox.FirefoxDriver.&lt;init&gt;(FirefoxDriver.java:211)
	at org.openqa.selenium.firefox.FirefoxDriver.&lt;init&gt;(FirefoxDriver.java:207)
	at org.openqa.selenium.firefox.FirefoxDriver.&lt;init&gt;(FirefoxDriver.java:120)
	at org.testDemo.Test.DemoTest.test(DemoTest.java:15)
	at sun.reflect.NativeMethodAccessorImpl.invoke0(Native Method)
	at sun.reflect.NativeMethodAccessorImpl.invoke(NativeMethodAccessorImpl.java:62)
	at sun.reflect.DelegatingMethodAccessorImpl.invoke(DelegatingMethodAccessorImpl.java:43)
	at java.lang.reflect.Method.invoke(Method.java:498)
	at org.testng.internal.MethodInvocationHelper.invokeMethod(MethodInvocationHelper.java:85)
	at org.testng.internal.Invoker.invokeMethod(Invoker.java:639)
	at org.testng.internal.Invoker.invokeTestMethod(Invoker.java:816)
	at org.testng.internal.Invoker.invokeTestMethods(Invoker.java:1124)
	at org.testng.internal.TestMethodWorker.invokeTestMethods(TestMethodWorker.java:125)
	at org.testng.internal.TestMethodWorker.run(TestMethodWorker.java:108)
	at org.testng.TestRunner.privateRun(TestRunner.java:774)
	at org.testng.TestRunner.run(TestRunner.java:624)
	at org.testng.SuiteRunner.runTest(SuiteRunner.java:359)
	at org.testng.SuiteRunner.runSequentially(SuiteRunner.java:354)
	at org.testng.SuiteRunner.privateRun(SuiteRunner.java:312)
	at org.testng.SuiteRunner.run(SuiteRunner.java:261)
	at org.testng.SuiteRunnerWorker.runSuite(SuiteRunnerWorker.java:52)
	at org.testng.SuiteRunnerWorker.run(SuiteRunnerWorker.java:86)
	at org.testng.TestNG.runSuitesSequentially(TestNG.java:1215)
	at org.testng.TestNG.runSuitesLocally(TestNG.java:1140)
	at org.testng.TestNG.run(TestNG.java:1048)
	at org.apache.maven.surefire.testng.TestNGExecutor.run(TestNGExecutor.java:70)
	at org.apache.maven.surefire.testng.TestNGDirectoryTestSuite.execute(TestNGDirectoryTestSuite.java:109)
	at org.apache.maven.surefire.testng.TestNGProvider.invoke(TestNGProvider.java:111)
	at sun.reflect.NativeMethodAccessorImpl.invoke0(Native Method)
	at sun.reflect.NativeMethodAccessorImpl.invoke(NativeMethodAccessorImpl.java:62)
	at sun.reflect.DelegatingMethodAccessorImpl.invoke(DelegatingMethodAccessorImpl.java:43)
	at java.lang.reflect.Method.invoke(Method.java:498)
	at org.apache.maven.surefire.util.ReflectionUtils.invokeMethodWithArray(ReflectionUtils.java:164)
	at org.apache.maven.surefire.booter.ProviderFactory$ProviderProxy.invoke(ProviderFactory.java:110)
	at org.apache.maven.surefire.booter.SurefireStarter.invokeProvider(SurefireStarter.java:175)
	at org.apache.maven.surefire.booter.SurefireStarter.runSuitesInProcessWhenForked(SurefireStarter.java:107)
	at org.apache.maven.surefire.booter.ForkedBooter.main(ForkedBooter.java:68)
</system-err>
  </testcase>
</testsuite>