<?xml version="1.0" encoding="UTF-8"?>
<!-- Generated by org.testng.reporters.JUnitReportReporter -->
<testsuite hostname="pace-OptiPlex-360" name="org.testDemo.Test.DemoTest" tests="1" failures="0" timestamp="30 May 2017 07:54:14 GMT" time="5.561" errors="0">
  <testcase name="test" time="5.561" classname="org.testDemo.Test.DemoTest"/>
</testsuite> <!-- org.testDemo.Test.DemoTest -->
